Using pre-set license
Built from '2020.3/staging' branch; Version is '2020.3.8f1 (507919d4fff5) revision 5273881'; Using compiler version '192528614'; Build Type 'Release'
OS: 'Windows 10 Pro; OS build 19042.985; Version 2009; 64bit' Language: 'pt' Physical Memory: 6020 MB
BatchMode: 1, IsHumanControllingUs: 0, StartBugReporterOnCrash: 0, Is64bit: 1, IsPro: 0

 COMMAND LINE ARGUMENTS:
C:\Program Files\Unity\Hub\Editor\2020.3.8f1\Editor\Unity.exe
-adb2
-batchMode
-noUpm
-name
AssetImportWorker0
-projectPath
C:/Users/Allan/Documents/UnityProjects/MMORPG - Gaya
-logFile
Logs/AssetImportWorker0.log
-srvPort
53614
Successfully changed project path to: C:/Users/Allan/Documents/UnityProjects/MMORPG - Gaya
C:/Users/Allan/Documents/UnityProjects/MMORPG - Gaya
Using Asset Import Pipeline V2.
Refreshing native plugins compatible for Editor in 74.43 ms, found 0 plugins.
Preloading 0 native plugins for Editor in 0.00 ms.
Initialize engine version: 2020.3.8f1 (507919d4fff5)
[Subsystems] Discovering subsystems at path C:/Program Files/Unity/Hub/Editor/2020.3.8f1/Editor/Data/Resources/UnitySubsystems
[Subsystems] Discovering subsystems at path C:/Users/Allan/Documents/UnityProjects/MMORPG - Gaya/Assets
GfxDevice: creating device client; threaded=0
Direct3D:
    Version:  Direct3D 11.0 [level 11.1]
    Renderer: AMD Radeon(TM) Vega 8 Graphics (ID=0x15d8)
    Vendor:   
    VRAM:     3010 MB
    Driver:   26.20.14046.3
Initialize mono
Mono path[0] = 'C:/Program Files/Unity/Hub/Editor/2020.3.8f1/Editor/Data/Managed'
Mono path[1] = 'C:/Program Files/Unity/Hub/Editor/2020.3.8f1/Editor/Data/MonoBleedingEdge/lib/mono/unityjit'
Mono config path = 'C:/Program Files/Unity/Hub/Editor/2020.3.8f1/Editor/Data/MonoBleedingEdge/etc'
Using monoOptions --debugger-agent=transport=dt_socket,embedding=1,server=y,suspend=n,address=127.0.0.1:56908
Begin MonoManager ReloadAssembly
Registering precompiled unity dll's ...
Register platform support module: C:/Program Files/Unity/Hub/Editor/2020.3.8f1/Editor/Data/PlaybackEngines/WindowsStandaloneSupport/UnityEditor.WindowsStandalone.Extensions.dll
Registered in 0.002547 seconds.
Native extension for WindowsStandalone target not found
Refreshing native plugins compatible for Editor in 58.39 ms, found 0 plugins.
Preloading 0 native plugins for Editor in 0.00 ms.
Mono: successfully reloaded assembly
- Completed reload, in  1.603 seconds
Platform modules already initialized, skipping
Registering precompiled user dll's ...
Registered in 0.007171 seconds.
Begin MonoManager ReloadAssembly
Native extension for WindowsStandalone target not found
Refreshing native plugins compatible for Editor in 1.04 ms, found 0 plugins.
Preloading 0 native plugins for Editor in 0.00 ms.
Mono: successfully reloaded assembly
- Completed reload, in  1.358 seconds
Platform modules already initialized, skipping
========================================================================
Worker process is ready to serve import requests
Launched and connected shader compiler UnityShaderCompiler.exe after 0.06 seconds
Refreshing native plugins compatible for Editor in 0.81 ms, found 0 plugins.
Preloading 0 native plugins for Editor in 0.00 ms.
Unloading 1804 Unused Serialized files (Serialized files now loaded: 0)
System memory in use before: 76.8 MB.
System memory in use after: 76.9 MB.

Unloading 54 unused Assets to reduce memory usage. Loaded Objects now: 2213.
Total: 8.548400 ms (FindLiveObjects: 0.304300 ms CreateObjectMapping: 0.092800 ms MarkObjects: 8.036900 ms  DeleteObjects: 0.112500 ms)

========================================================================
Received Import Request.
  path: Assets/Scene/Game.unity
  artifactKey: Guid(ab3732672f8720045bc3904197ff6c2e) Importer(815301076,1909f56bfc062723c751e8b465ee728b)
Start importing Assets/Scene/Game.unity using Guid(ab3732672f8720045bc3904197ff6c2e) Importer(815301076,1909f56bfc062723c751e8b465ee728b)  -> (artifact id: '63934ae313be70e8c2e01491633c53bb') in 0.022150 seconds
  Import took 0.026428 seconds .

========================================================================
Received Prepare
Registering precompiled user dll's ...
Registered in 0.006373 seconds.
Begin MonoManager ReloadAssembly
Native extension for WindowsStandalone target not found
Refreshing native plugins compatible for Editor in 0.99 ms, found 0 plugins.
Preloading 0 native plugins for Editor in 0.00 ms.
Mono: successfully reloaded assembly
- Completed reload, in  1.284 seconds
Platform modules already initialized, skipping
Refreshing native plugins compatible for Editor in 0.79 ms, found 0 plugins.
Preloading 0 native plugins for Editor in 0.00 ms.
Unloading 1798 Unused Serialized files (Serialized files now loaded: 0)
System memory in use before: 76.6 MB.
System memory in use after: 76.7 MB.

Unloading 45 unused Assets to reduce memory usage. Loaded Objects now: 2216.
Total: 6.679800 ms (FindLiveObjects: 0.278900 ms CreateObjectMapping: 0.084200 ms MarkObjects: 6.272700 ms  DeleteObjects: 0.041900 ms)

========================================================================
Received Prepare
Registering precompiled user dll's ...
Registered in 0.005006 seconds.
Begin MonoManager ReloadAssembly
Native extension for WindowsStandalone target not found
Refreshing native plugins compatible for Editor in 0.87 ms, found 0 plugins.
Preloading 0 native plugins for Editor in 0.00 ms.
Mono: successfully reloaded assembly
- Completed reload, in  1.304 seconds
Platform modules already initialized, skipping
Refreshing native plugins compatible for Editor in 0.83 ms, found 0 plugins.
Preloading 0 native plugins for Editor in 0.00 ms.
Unloading 2059 Unused Serialized files (Serialized files now loaded: 0)
System memory in use before: 90.3 MB.
System memory in use after: 90.4 MB.

Unloading 46 unused Assets to reduce memory usage. Loaded Objects now: 2479.
Total: 9.192800 ms (FindLiveObjects: 0.309600 ms CreateObjectMapping: 0.094200 ms MarkObjects: 8.635400 ms  DeleteObjects: 0.150700 ms)

========================================================================
Received Prepare
Registering precompiled user dll's ...
Registered in 0.005087 seconds.
Begin MonoManager ReloadAssembly
Native extension for WindowsStandalone target not found
Refreshing native plugins compatible for Editor in 0.96 ms, found 0 plugins.
Preloading 0 native plugins for Editor in 0.00 ms.
Mono: successfully reloaded assembly
- Completed reload, in  1.400 seconds
Platform modules already initialized, skipping
Refreshing native plugins compatible for Editor in 0.85 ms, found 0 plugins.
Preloading 0 native plugins for Editor in 0.00 ms.
Unloading 2059 Unused Serialized files (Serialized files now loaded: 0)
System memory in use before: 90.4 MB.
System memory in use after: 90.5 MB.

Unloading 46 unused Assets to reduce memory usage. Loaded Objects now: 2482.
Total: 9.201900 ms (FindLiveObjects: 0.333700 ms CreateObjectMapping: 0.102600 ms MarkObjects: 8.664700 ms  DeleteObjects: 0.098700 ms)

========================================================================
Received Prepare
Registering precompiled user dll's ...
Registered in 0.005489 seconds.
Begin MonoManager ReloadAssembly
Native extension for WindowsStandalone target not found
Refreshing native plugins compatible for Editor in 0.85 ms, found 0 plugins.
Preloading 0 native plugins for Editor in 0.00 ms.
Mono: successfully reloaded assembly
- Completed reload, in  1.283 seconds
Platform modules already initialized, skipping
Refreshing native plugins compatible for Editor in 0.86 ms, found 0 plugins.
Preloading 0 native plugins for Editor in 0.00 ms.
Unloading 2059 Unused Serialized files (Serialized files now loaded: 0)
System memory in use before: 90.4 MB.
System memory in use after: 90.5 MB.

Unloading 46 unused Assets to reduce memory usage. Loaded Objects now: 2485.
Total: 6.160900 ms (FindLiveObjects: 0.302600 ms CreateObjectMapping: 0.093100 ms MarkObjects: 5.680800 ms  DeleteObjects: 0.081600 ms)

========================================================================
Received Import Request.
  Time since last request: 612.181554 seconds.
  path: Assets/Scripts
  artifactKey: Guid(02ce794eee2485642bf47b37289def44) Importer(815301076,1909f56bfc062723c751e8b465ee728b)
Start importing Assets/Scripts using Guid(02ce794eee2485642bf47b37289def44) Importer(815301076,1909f56bfc062723c751e8b465ee728b)  -> (artifact id: '0306cba82d79301b36979b5b38131e61') in 0.016624 seconds
  Import took 0.034315 seconds .

========================================================================
Received Import Request.
  Time since last request: 5.586016 seconds.
  path: Assets/Scripts/ScriptableObject
  artifactKey: Guid(613f5fb2bfe595246b328252ee9777a3) Importer(815301076,1909f56bfc062723c751e8b465ee728b)
Start importing Assets/Scripts/ScriptableObject using Guid(613f5fb2bfe595246b328252ee9777a3) Importer(815301076,1909f56bfc062723c751e8b465ee728b)  -> (artifact id: 'cd6268a3f08f7ad30728d584418c4a6b') in 0.013259 seconds
  Import took 0.029727 seconds .

========================================================================
Received Import Request.
  Time since last request: 2.478605 seconds.
  path: Assets/Scripts/ScriptableObject/SerializableDictionary.cs
  artifactKey: Guid(3b82cf285efe22a489f2b9c752929312) Importer(815301076,1909f56bfc062723c751e8b465ee728b)
Start importing Assets/Scripts/ScriptableObject/SerializableDictionary.cs using Guid(3b82cf285efe22a489f2b9c752929312) Importer(815301076,1909f56bfc062723c751e8b465ee728b)  -> (artifact id: 'f9e2aff63732f1104c00bdaa9925a6cc') in 0.093182 seconds
  Import took 0.097587 seconds .

========================================================================
Received Import Request.
  Time since last request: 0.381016 seconds.
  path: Assets/Scripts/ScriptableObject/SerializableDictionaryDrawer.cs
  artifactKey: Guid(6b252b78b2a2ada489de214e2934c7e1) Importer(815301076,1909f56bfc062723c751e8b465ee728b)
Start importing Assets/Scripts/ScriptableObject/SerializableDictionaryDrawer.cs using Guid(6b252b78b2a2ada489de214e2934c7e1) Importer(815301076,1909f56bfc062723c751e8b465ee728b)  -> (artifact id: 'edf1c7481956012c241581ef20b945ee') in 0.013734 seconds
  Import took 0.029462 seconds .

========================================================================
Received Import Request.
  Time since last request: 27.273660 seconds.
  path: Assets/Scripts/ScriptableObject/SerializedPropertyExtension.cs
  artifactKey: Guid(55117547dd4928745ba2d795fce453d0) Importer(815301076,1909f56bfc062723c751e8b465ee728b)
Start importing Assets/Scripts/ScriptableObject/SerializedPropertyExtension.cs using Guid(55117547dd4928745ba2d795fce453d0) Importer(815301076,1909f56bfc062723c751e8b465ee728b)  -> (artifact id: '118dc715a175d8d86e4e2b963c1a2c70') in 0.023002 seconds
  Import took 0.027234 seconds .

========================================================================
Received Prepare
Registering precompiled user dll's ...
Registered in 0.015794 seconds.
Begin MonoManager ReloadAssembly
Native extension for WindowsStandalone target not found
Refreshing native plugins compatible for Editor in 1.28 ms, found 0 plugins.
Preloading 0 native plugins for Editor in 0.00 ms.
Mono: successfully reloaded assembly
- Completed reload, in  1.216 seconds
Platform modules already initialized, skipping
Refreshing native plugins compatible for Editor in 1.00 ms, found 0 plugins.
Preloading 0 native plugins for Editor in 0.00 ms.
Unloading 2054 Unused Serialized files (Serialized files now loaded: 0)
System memory in use before: 90.3 MB.
System memory in use after: 90.4 MB.

Unloading 46 unused Assets to reduce memory usage. Loaded Objects now: 2488.
Total: 8.439200 ms (FindLiveObjects: 0.286500 ms CreateObjectMapping: 0.072200 ms MarkObjects: 7.979300 ms  DeleteObjects: 0.099200 ms)

========================================================================
Received Prepare
Refreshing native plugins compatible for Editor in 16.50 ms, found 0 plugins.
Preloading 0 native plugins for Editor in 0.00 ms.
Unloading 44 Unused Serialized files (Serialized files now loaded: 0)
System memory in use before: 50.6 MB.
System memory in use after: 50.7 MB.

Unloading 44 unused Assets to reduce memory usage. Loaded Objects now: 2488.
Total: 7.718800 ms (FindLiveObjects: 0.282300 ms CreateObjectMapping: 0.083700 ms MarkObjects: 7.269300 ms  DeleteObjects: 0.081000 ms)

AssetImportWorkerClient::OnTransportError - code=2 error=End of file
